Audino Audino from the team White enters the battle!
Deino Deino from the team Striped enters the battle!
Audino Audino attacks. 
Deino Deino loses 37 hit points.

Deino Deino attacks. 
Audino Audino loses 17 hit points.

Audino Audino attacks. 
Deino Deino loses 10 hit points.
Audino Audino loses 40 hit points.

Deino Deino misses

Audino Audino attacks. 
Deino Deino isn't affected by PSYCHIC
Audino Audino is sleeping

Deino Deino misses

Audino Audino attacks. 
Deino Deino loses 42 hit points.

Deino Deino attacks. 
Audino Audino loses 10 hit points.

Audino Audino attacks. 

Deino Deino attacks. 
Deino Deino increases speed.

Deino Deino attacks. 
Deino Deino increases speed.

Audino Audino attacks. 

Deino Deino misses

Audino Audino attacks. 
Deino Deino loses 10 hit points.
Audino Audino loses 40 hit points.
Deino Deino faints.
Zweilous Zweilous from the team Striped enters the battle!
Zweilous Zweilous attacks. 
Audino Audino loses 14 hit points.

Audino Audino attacks. 

Zweilous Zweilous attacks. 
Audino Audino loses 23 hit points.

Audino Audino attacks. 

Zweilous Zweilous attacks. 
Audino Audino loses 31 hit points.

Audino Audino attacks. 
Zweilous Zweilous loses 18 hit points.

Zweilous Zweilous misses

Audino Audino attacks. 
Zweilous Zweilous loses 9 hit points.
Audino Audino loses 36 hit points.
Audino Audino faints.
Lileep Lileep from the team White enters the battle!
Zweilous Zweilous attacks. 
Zweilous Zweilous increases speed.

Lileep Lileep attacks. 

Zweilous Zweilous attacks. 
Zweilous Zweilous increases speed.

Lileep Lileep attacks. 

Zweilous Zweilous attacks. 
Zweilous Zweilous increases speed.

Lileep Lileep attacks. 
Zweilous Zweilous loses 3 hit points.
Zweilous Zweilous decreases speed.

Zweilous Zweilous hits himself in confusion. 
Zweilous Zweilous loses 11 hit points.

Lileep Lileep attacks. 
Zweilous Zweilous loses 19 hit points.

Zweilous Zweilous attacks. 
Lileep Lileep loses 17 hit points.

Lileep Lileep attacks. 
Zweilous Zweilous loses 22 hit points.

Zweilous Zweilous attacks. 
Lileep Lileep loses 14 hit points.

Lileep Lileep attacks. 

Zweilous Zweilous attacks. 
Lileep Lileep loses 9 hit points.

Lileep Lileep attacks. 

Zweilous Zweilous attacks. 
Zweilous Zweilous increases speed.

Lileep Lileep attacks. 
Zweilous Zweilous loses 5 hit points.
Zweilous Zweilous decreases speed.

Zweilous Zweilous attacks. 
Zweilous Zweilous increases speed.

Lileep Lileep attacks. 
Zweilous Zweilous loses 12 hit points.

Zweilous Zweilous hits himself in confusion. 
Zweilous Zweilous loses 18 hit points.

Lileep Lileep attacks. 
Zweilous Zweilous loses 21 hit points.
Lileep Lileep restores 1 hit points.
Lileep Lileep increases attack.
Lileep Lileep increases defense.
Lileep Lileep increases speed.
Lileep Lileep increases special attack.
Lileep Lileep increases special defense.
Lileep Lileep increases accuracy.
Lileep Lileep increases evasion.

Zweilous Zweilous hits himself in confusion. 
Zweilous Zweilous loses 8 hit points.
Zweilous Zweilous faints.
Hydreigon Zweilous from the team Striped enters the battle!
Hydreigon Zweilous attacks. 
Critical hit!
Lileep Lileep loses 97 hit points.
Lileep Lileep faints.
Cradily Cradily from the team White enters the battle!
Hydreigon Zweilous attacks. 
Cradily Cradily loses 16 hit points.

Cradily Cradily attacks. 
Hydreigon Zweilous loses 20 hit points.

Hydreigon Zweilous attacks. 
Cradily Cradily loses 9 hit points.

Cradily Cradily attacks. 
Hydreigon Zweilous loses 25 hit points.

Hydreigon Zweilous attacks. 
Hydreigon Zweilous increases speed.

Cradily Cradily attacks. 
Hydreigon Zweilous loses 3 hit points.
Hydreigon Zweilous decreases speed.

Hydreigon Zweilous attacks. 
Cradily Cradily loses 45 hit points.

Cradily Cradily attacks. 
Critical hit!
Hydreigon Zweilous loses 47 hit points.

Hydreigon Zweilous attacks. 
Hydreigon Zweilous increases speed.

Cradily Cradily attacks. 
Hydreigon Zweilous loses 26 hit points.

Hydreigon Zweilous attacks. 
Critical hit!
Cradily Cradily loses 11 hit points.

Cradily Cradily attacks. 
Critical hit!
Hydreigon Zweilous loses 12 hit points.
Hydreigon Zweilous decreases speed.

Hydreigon Zweilous attacks. 
Critical hit!
Cradily Cradily loses 35 hit points.

Cradily Cradily attacks. 
Hydreigon Zweilous loses 16 hit points.

Hydreigon Zweilous attacks. 
Cradily Cradily loses 22 hit points.

Cradily Cradily attacks. 
Hydreigon Zweilous loses 27 hit points.

Hydreigon Zweilous attacks. 
Cradily Cradily loses 8 hit points.

Cradily Cradily attacks. 
Hydreigon Zweilous loses 35 hit points.
Hydreigon Zweilous faints.
Team Striped loses its last Pokemon.
The team White wins the battle!
